RAM reserved for level tiles: 912 bytes (largest level: map1)

XGM Null song Original size 172 Crunched size 172
Map path node data for map1 Original size 12 Crunched size 12
Teleporters Original size 8 Crunched size 8
XGM Null sound Original size 256 Crunched size 256
XGM 68K Plugin Driver Original size 804 Crunched size 804
Project sound Original size 140 Crunched size 140
Project patterns Original size 32 Crunched size 32
Dynamic pattern data for 1 Original size 32 Crunched size 32
Var Data Original size 14 Crunched size 14
XGM PCM sound Original size 3328 Crunched size 3328
XGM Core Driver Original size 5888 Crunched size 5888
XGM PCM sound Original size 3840 Crunched size 3840
XGM PCM sound Original size 4608 Crunched size 4608
XGM PCM sound Original size 4096 Crunched size 4096
Default MD font Original size 2048 Crunched size 2048
Default MD number font Original size 320 Crunched size 320
Project virtual machine (codeblocks) Original size 8218 Crunched size 8218
Panel  Original size 10332 Crunched size 10332
Project blocks Original size 272 Crunched size 272
Project actors Original size 1128 Crunched size 1128
Pattern data for 1 Original size 2368 Crunched size 2368
Map header map1 Original size 8696 Crunched size 8696
Get Y lookup table map1 Original size 76 Crunched size 76
Map tile data  map1 Original size 456 Crunched size 86
Map block data for map1 Original size 456 Crunched size 83
Map event data for map1 Original size 32 Crunched size 32
Project name table Original size 2208 Crunched size 2208
Streamed project patterns Original size 29184 Crunched size 29184
Images Original size 754 Crunched size 754
Animations Original size 224 Crunched size 224
Animation Frames Original size 592 Crunched size 592
Mega Drive header Original size 2902 Crunched size 2902
Attack Data Original size 66 Crunched size 66
Commands for Joystick 1 Original size 12 Crunched size 12

=== Possibly unused Actors ===
spring

=== Possibly unused sound effects ===
death
jump

=== Codeblocks by compiled size ===
load_level: 724
do_teleport: 404
set_yresolution: 398 (Unused?)
flipscreen_smooth: 310 (Unused?)
water_handler: 306
flipxymove: 278 (Unused?)
on_water: 234
waitforframes: 194
check_talkpad: 172 (Unused?)
pre_startup: 168
flipymove: 162 (Unused?)
snap_to_screen: 158 (Unused?)
startup: 156
pre_quit: 152 (Unused?)
load_panel: 146
flipxmove: 142 (Unused?)
pause: 138
load_music: 130 (Unused?)
destroy_all_blocks: 124 (Unused?)
pre_load_level: 122
unload_level: 118
on_spring_collide: 118
waitforfireup: 114
waitforfiredown: 110
fadein: 106
unload_panel: 100
load_panel_bottom: 96 (Unused?)
load_panel_top: 96 (Unused?)
destroy_child_actors: 94 (Unused?)
fadeout: 88
pre_anim5: 86 (Unused?)
waitforfirehit: 86
on_ice: 80
on_land: 80
load_music_finish: 76
wrap_screen_bottom: 76 (Unused?)
wrap_screen_right: 76 (Unused?)
flipscreen: 72 (Unused?)
wrap_screen_left: 72 (Unused?)
wrap_screen_top: 72 (Unused?)
jump_actor: 66 (Unused?)
unload_panel_bottom: 62
unload_panel_top: 62
destroy_all_actors: 60 (Unused?)
load_panel_finish: 60
destroy_actor: 58
destroy_block: 52 (Unused?)
regenerate_screen: 52
return: 52 (Unused?)
quit: 50 (Unused?)
autogen_splash_anim_0: 46
autogen_spring_hit_0: 46
regenerate_screen_wait: 42
freeze_actor: 40 (Unused?)
unfreeze_actor: 40 (Unused?)
block_coll_force: 32 (Unused?)
block_coll_passthru: 32 (Unused?)
clear_block_collision: 32
vm_registers: 26 (Unused?)
vm_constants: 26 (Unused?)
debug_breakpoint: 26 (Unused?)
vm_constants_audiodriver: 26 (Unused?)
vm_constants_controlbits: 26 (Unused?)
vm_constants_notes: 26 (Unused?)
vm_constants_platform: 26 (Unused?)
vm_constants_tile_properties: 26 (Unused?)
