=== Image optimisations ===

=== Estimated memory usages ===

For chip:
Map gfx (level gfx bundle 1): 51102
Music memory (bump_music): 71776
BP Buffer memory: 131040
core sfx/gfx memory: 66868
Parallax memory: 0
OS/other estimated: 99328

For other:
Map cache memory: 0
Map header cache memory: 0
Map data memory: 2492
Map background memory: 1396
EXE memory: 209816
vm memory: 11752
project memory: 13020
memory reserved for active actors on screen (64): 9480
memory reserved for dormant actors in map (256): 9216
OS/other estimated: 105472

Accounted memory chip: 525586
Accounted memory other: 257172
Accounted memory total: 782758

=== Misc ===
Maps and Asset Bundles Count: 2
Maps and Asset Bundles Data Size: 24
Actor Count: 19
Actor Data Size: 3572
Block Count: 4
Block Data Size: 272
Anim5 Count: 0
Anim5 Data Size: 0
Sound Count: 5
Sound Data Size: 140
Teleporter Count: 1
Teleporter Data Size: 8
Animations Count: 58
Animations Data Size: 928
AnimationFrame Count: 146
AnimationFrame Data Size: 2336
ImageFrames: 127
ImageFrame Data Size: 5588
Sprites: 1
Sprites Data Size: 14
Attack Data: 1
Attack Data Size: 66
Misc data size: 70
Music file bump_music Original size 71776 Crunched size 53370
Music file jump_music Original size 50206 Crunched size 38688
Panel scorpion_eng_splashscreen Original size 35158 Crunched size 3262
Panel hud Original size 7268 Crunched size 2538
Header data for map map1 Original size 7992 Crunched size 328
Tile data for map map1 (mem restrictions:None) Original size 2492 Crunched size 1246
Background for map map1 Original size 1396 Crunched size 80
Asset bundle 0 (Core project asset bundle) Original size 66868 Crunched size 36054
Asset bundle 1 (map1) Original size 51102 Crunched size 17446
Project Header Original size 4034 Crunched size 1196
Project Data Original size 13020 Crunched size 3144
Project virtual machine (codeblocks) Original size 11752 Crunched size 3584
Project virtual machine redirects Original size 4 Crunched size 4

=== Possibly unused animations ===
p1_water_fall_r
p2_die_r
p2_water_fall_r
p3_die_r
p3_water_fall_r
p4_die_r
p4_water_fall_r

=== Possibly unused Actors ===
spring

=== Possibly unused sound effects ===
jump

=== Codeblocks by compiled size ===
load_level: 764
set_yresolution: 458
do_teleport: 424
fn_spawn_gore: 422
bunny_handler: 414
startup: 386
player_collision: 370
water_handler: 352
flipscreen_smooth: 310 (Unused?)
on_water: 302
flipxymove: 278 (Unused?)
fn_spawn_bunny: 266
fn_awardpoint: 244
waitforframes: 194
check_talkpad: 192 (Unused?)
pre_startup: 192
pause: 176
flipymove: 162 (Unused?)
on_spring_collide: 160
snap_to_screen: 158 (Unused?)
camera_handler: 158
on_death: 156
pre_quit: 152
load_panel: 146
flipxmove: 142 (Unused?)
gore_handler: 138
fn_controlx: 132
fn_force_jump: 132
fn_is_jumping: 132
on_landed: 132
load_music: 130
on_ice: 128
on_land: 128
destroy_all_blocks: 124 (Unused?)
pre_load_level: 122
unload_level: 118
waitforfireup: 114
waitforfiredown: 110
fadein: 106
unload_panel: 100
load_panel_bottom: 96 (Unused?)
load_panel_top: 96 (Unused?)
destroy_child_actors: 94 (Unused?)
fadeout: 88
test_respawn: 88
pre_anim5: 86 (Unused?)
waitforfirehit: 86
load_music_finish: 76
wrap_screen_bottom: 76 (Unused?)
wrap_screen_right: 76 (Unused?)
flipscreen: 72 (Unused?)
wrap_screen_left: 72 (Unused?)
wrap_screen_top: 72 (Unused?)
quit: 70 (Unused?)
jump_actor: 66 (Unused?)
unload_panel_bottom: 62
unload_panel_top: 62
destroy_all_actors: 60 (Unused?)
load_panel_finish: 60
destroy_actor: 58
destroy_block: 52 (Unused?)
regenerate_screen: 52
return: 52 (Unused?)
autogen_splash_anim_0: 46
autogen_spring_hit_0: 46
regenerate_screen_wait: 42
freeze_actor: 40 (Unused?)
unfreeze_actor: 40 (Unused?)
block_coll_force: 32 (Unused?)
block_coll_passthru: 32 (Unused?)
clear_block_collision: 32
vm_registers: 26 (Unused?)
vm_constants: 26 (Unused?)
debug_breakpoint: 26 (Unused?)
vm_constants_audiodriver: 26 (Unused?)
vm_constants_controlbits: 26 (Unused?)
vm_constants_notes: 26 (Unused?)
vm_constants_platform: 26 (Unused?)
vm_constants_tile_properties: 26 (Unused?)
